2020-05-02 21:19:38.002  INFO 8500 --- [main] org.javaboy.vhr.VhrhouduanApplication    : Starting VhrhouduanApplication on DESKTOP-6AQMOI1 with PID 8500 (E:\newVhr\target\classes started by Administrator in E:\newVhr)
2020-05-02 21:19:38.010  INFO 8500 --- [main] org.javaboy.vhr.VhrhouduanApplication    : No active profile set, falling back to default profiles: default
2020-05-02 21:19:40.745  INFO 8500 --- [main] o.s.b.w.embedded.tomcat.TomcatWebServer  : Tomcat initialized with port(s): 8084 (http)
2020-05-02 21:19:40.756  INFO 8500 --- [main] o.apache.catalina.core.StandardService   : Starting service [Tomcat]
2020-05-02 21:19:40.757  INFO 8500 --- [main] org.apache.catalina.core.StandardEngine  : Starting Servlet engine: [Apache Tomcat/9.0.33]
2020-05-02 21:19:40.760  INFO 8500 --- [main] o.a.catalina.core.AprLifecycleListener   : Loaded APR based Apache Tomcat Native library [1.2.23] using APR version [1.7.0].
2020-05-02 21:19:40.760  INFO 8500 --- [main] o.a.catalina.core.AprLifecycleListener   : APR capabilities: IPv6 [true], sendfile [true], accept filters [false], random [true].
2020-05-02 21:19:40.761  INFO 8500 --- [main] o.a.catalina.core.AprLifecycleListener   : APR/OpenSSL configuration: useAprConnector [false], useOpenSSL [true]
2020-05-02 21:19:40.768  INFO 8500 --- [main] o.a.catalina.core.AprLifecycleListener   : OpenSSL successfully initialized [OpenSSL 1.1.1c  28 May 2019]
2020-05-02 21:19:40.946  INFO 8500 --- [main] o.a.c.c.C.[Tomcat].[localhost].[/]       : Initializing Spring embedded WebApplicationContext
2020-05-02 21:19:40.946  INFO 8500 --- [main] o.s.web.context.ContextLoader            : Root WebApplicationContext: initialization completed in 2826 ms
2020-05-02 21:19:41.629  INFO 8500 --- [main] o.s.s.concurrent.ThreadPoolTaskExecutor  : Initializing ExecutorService 'applicationTaskExecutor'
2020-05-02 21:19:41.879  INFO 8500 --- [main] o.s.s.web.DefaultSecurityFilterChain     : Creating filter chain: any request, [org.springframework.security.web.context.request.async.WebAsyncManagerIntegrationFilter@2dfe5525, org.springframework.security.web.context.SecurityContextPersistenceFilter@46c3a14d, org.springframework.security.web.header.HeaderWriterFilter@59e43e8c, org.springframework.security.web.authentication.logout.LogoutFilter@131ff6fa, org.springframework.security.web.authentication.UsernamePasswordAuthenticationFilter@53a9fcfd, org.springframework.security.web.savedrequest.RequestCacheAwareFilter@5e8cda75, org.springframework.security.web.servletapi.SecurityContextHolderAwareRequestFilter@54f4a7f0, org.springframework.security.web.authentication.AnonymousAuthenticationFilter@1290c49, org.springframework.security.web.session.SessionManagementFilter@5e671e20, org.springframework.security.web.access.ExceptionTranslationFilter@65f2f9b0, org.springframework.security.web.access.intercept.FilterSecurityInterceptor@7a7cc52c]
2020-05-02 21:19:42.110  INFO 8500 --- [main] o.s.b.w.embedded.tomcat.TomcatWebServer  : Tomcat started on port(s): 8084 (http) with context path ''
2020-05-02 21:19:42.114  INFO 8500 --- [main] org.javaboy.vhr.VhrhouduanApplication    : Started VhrhouduanApplication in 5.469 seconds (JVM running for 8.462)
2020-05-02 21:21:13.851  INFO 2708 --- [main] org.javaboy.vhr.VhrhouduanApplication    : Starting VhrhouduanApplication on DESKTOP-6AQMOI1 with PID 2708 (E:\newVhr\target\classes started by Administrator in E:\newVhr)
2020-05-02 21:21:14.012  INFO 2708 --- [main] org.javaboy.vhr.VhrhouduanApplication    : No active profile set, falling back to default profiles: default
2020-05-02 21:21:16.544  INFO 2708 --- [main] o.s.b.w.embedded.tomcat.TomcatWebServer  : Tomcat initialized with port(s): 8084 (http)
2020-05-02 21:21:16.552  INFO 2708 --- [main] o.apache.catalina.core.StandardService   : Starting service [Tomcat]
2020-05-02 21:21:16.553  INFO 2708 --- [main] org.apache.catalina.core.StandardEngine  : Starting Servlet engine: [Apache Tomcat/9.0.33]
2020-05-02 21:21:16.555  INFO 2708 --- [main] o.a.catalina.core.AprLifecycleListener   : Loaded APR based Apache Tomcat Native library [1.2.23] using APR version [1.7.0].
2020-05-02 21:21:16.555  INFO 2708 --- [main] o.a.catalina.core.AprLifecycleListener   : APR capabilities: IPv6 [true], sendfile [true], accept filters [false], random [true].
2020-05-02 21:21:16.556  INFO 2708 --- [main] o.a.catalina.core.AprLifecycleListener   : APR/OpenSSL configuration: useAprConnector [false], useOpenSSL [true]
2020-05-02 21:21:16.560  INFO 2708 --- [main] o.a.catalina.core.AprLifecycleListener   : OpenSSL successfully initialized [OpenSSL 1.1.1c  28 May 2019]
2020-05-02 21:21:16.683  INFO 2708 --- [main] o.a.c.c.C.[Tomcat].[localhost].[/]       : Initializing Spring embedded WebApplicationContext
2020-05-02 21:21:16.684  INFO 2708 --- [main] o.s.web.context.ContextLoader            : Root WebApplicationContext: initialization completed in 2532 ms
2020-05-02 21:21:17.419  INFO 2708 --- [main] o.s.s.concurrent.ThreadPoolTaskExecutor  : Initializing ExecutorService 'applicationTaskExecutor'
2020-05-02 21:21:17.681  INFO 2708 --- [main] o.s.s.web.DefaultSecurityFilterChain     : Creating filter chain: any request, [org.springframework.security.web.context.request.async.WebAsyncManagerIntegrationFilter@222afc67, org.springframework.security.web.context.SecurityContextPersistenceFilter@67fc2aad, org.springframework.security.web.header.HeaderWriterFilter@154bd49b, org.springframework.security.web.authentication.logout.LogoutFilter@93f432e, org.springframework.security.web.authentication.UsernamePasswordAuthenticationFilter@5e8cda75, org.springframework.security.web.savedrequest.RequestCacheAwareFilter@680a66dd, org.springframework.security.web.servletapi.SecurityContextHolderAwareRequestFilter@cf67838, org.springframework.security.web.authentication.AnonymousAuthenticationFilter@4c2fb9dd, org.springframework.security.web.session.SessionManagementFilter@20e3c449, org.springframework.security.web.access.ExceptionTranslationFilter@671facee, org.springframework.security.web.access.intercept.FilterSecurityInterceptor@5fe7f967]
2020-05-02 21:21:17.938  INFO 2708 --- [main] o.s.b.w.embedded.tomcat.TomcatWebServer  : Tomcat started on port(s): 8084 (http) with context path ''
2020-05-02 21:21:17.945  INFO 2708 --- [main] org.javaboy.vhr.VhrhouduanApplication    : Started VhrhouduanApplication in 5.034 seconds (JVM running for 7.741)
